
muscle 5.1.linux64 [12f0e2]  396Gb RAM, 24 cores
Built Jan 13 2022 23:17:13
(C) Copyright 2004-2021 Robert C. Edgar.
https://drive5.com

Input: 26 seqs, avg length 427, max 464

00:00 3.9Mb  CPU has 24 cores, defaulting to 20 threads

WARNING: Max OMP threads 1

00:00 3.9Mb    0.31% Calc posteriors00:01 4.1Mb     1.8% Calc posteriors00:02 5.0Mb    10.2% Calc posteriors00:03 5.0Mb    18.5% Calc posteriors00:04 5.1Mb    27.1% Calc posteriors00:05 5.4Mb    35.7% Calc posteriors00:06 5.7Mb    44.0% Calc posteriors00:07 6.1Mb    52.3% Calc posteriors00:08 6.4Mb    60.6% Calc posteriors00:09 6.7Mb    69.5% Calc posteriors00:10 7.0Mb    78.5% Calc posteriors00:11 8.1Mb    87.7% Calc posteriors00:12 8.1Mb    97.5% Calc posteriors00:12 13Mb    100.0% Calc posteriors
00:12 13Mb     0.31% Consistency (1/2)00:12 13Mb    100.0% Consistency (1/2)
00:12 13Mb     0.31% Consistency (2/2)00:12 13Mb    100.0% Consistency (2/2)
00:12 13Mb      4.0% UPGMA5           00:12 13Mb    100.0% UPGMA5
00:12 13Mb      1.0% Refining00:12 15Mb    100.0% Refining
inputType: FASTA
/work3/idamei/bin/seq2logo-2.1/etc/Seq2Logo_module.py:379: RuntimeWarning: invalid value encountered in divide
  self.f /= np.sum(self.f,1)[np.newaxis].T # [np.newaxis].T ==> convert 1d array to transposed 2d array
================================================================================
WARNINGS

One or more positions had no data associated. (nan found at [row, col] = )
These positions was removed from the logo.
Please fix your input file. Every position should contain data.
================================================================================

